<?xml version="1.0" encoding="UTF-8"?>
<!-- Generated by org.testng.reporters.JUnitReportReporter -->
<testsuite skipped="0" hostname="RAJESH" name="com.rb.demoJenkins.DemoJenkinsJobs" tests="1" failures="0" timestamp="20 Jan 2017 18:20:31 GMT" time="0.013" errors="0">
  <testcase name="testJenkins" time="0.013" classname="com.rb.demoJenkins.DemoJenkinsJobs"/>
</testsuite> <!-- com.rb.demoJenkins.DemoJenkinsJobs -->
